<?xml version="1.0" encoding="UTF-8"?>
<robot generator="Robot 7.4.2 (Python 3.11.7 on win32)" generated="2026-05-03T13:46:17.079638" rpa="false" schemaversion="5">
<suite id="s1" name="Test" source="C:\Users\yatsk\llm_project\dqe-automation\Robot Framework\test.robot">
<test id="s1-t1" name="Compare HTML Table Data With Parquet Data" line="18">
<kw name="Read Html Table To Dataframe" owner="helper">
<msg time="2026-05-03T13:46:24.949184" level="INFO">Table found successfully using its tag name.</msg>
<msg time="2026-05-03T13:46:24.949184" level="INFO">${html_df} = Empty DataFrame
Columns: [Facility Type, Visit Date, Average Time Spent]
Index: []</msg>
<var>${html_df}</var>
<arg>${REPORT_FILE}</arg>
<arg>${FILTER_DATE}</arg>
<doc>Extracts a table from a local HTML file and saves its content to a CSV file.</doc>
<status status="PASS" start="2026-05-03T13:46:18.898056" elapsed="6.051128"/>
</kw>
<kw name="Log To Console" owner="BuiltIn">
<arg>\n--- Filtered HTML DataFrame ---\n${html_df}</arg>
<doc>Logs the given message to the console.</doc>
<status status="PASS" start="2026-05-03T13:46:24.949184" elapsed="0.005480"/>
</kw>
<kw name="Read Parquet To Dataframe" owner="helper">
<msg time="2026-05-03T13:46:26.778609" level="INFO">${parquet_df} =       facility_type  visit_date  average_time_spent
0            Clinic  2025-10-29                  33
1          Hospital  2025-10-29                  46
2  Specialty Center  2025-10-29             ...</msg>
<var>${parquet_df}</var>
<arg>${PARQUET_FOLDER}</arg>
<arg>${FILTER_DATE}</arg>
<doc>Reads a partitioned Parquet dataset into a Pandas DataFrame.
It can optionally filter the data by a date partition.</doc>
<status status="PASS" start="2026-05-03T13:46:24.954664" elapsed="1.823945"/>
</kw>
<kw name="Log To Console" owner="BuiltIn">
<arg>\n--- Filtered Parquet DataFrame ---\n${parquet_df}</arg>
<doc>Logs the given message to the console.</doc>
<status status="PASS" start="2026-05-03T13:46:26.778609" elapsed="0.000000"/>
</kw>
<kw name="Compare Dataframes And Fail On Mismatch">
<kw name="Compare Dataframes" owner="helper">
<msg time="2026-05-03T13:46:26.778609" level="INFO">${are_equal} = False</msg>
<msg time="2026-05-03T13:46:26.778609" level="INFO">${message} = DataFrames do not match:
DataFrame are different

DataFrame shape mismatch
[left]:  (0, 3)
[right]: (3, 3)</msg>
<var>${are_equal}</var>
<var>${message}</var>
<arg>${df1}</arg>
<arg>${df2}</arg>
<status status="PASS" start="2026-05-03T13:46:26.778609" elapsed="0.000000"/>
</kw>
<if>
<branch type="IF" condition="not ${are_equal}">
<kw name="Fail" owner="BuiltIn">
<msg time="2026-05-03T13:46:26.793407" level="FAIL">DataFrames do not match. Details:
DataFrames do not match:
DataFrame are different

DataFrame shape mismatch
[left]:  (0, 3)
[right]: (3, 3)</msg>
<arg>DataFrames do not match. Details:\n${message}</arg>
<doc>Fails the test with the given message and optionally alters its tags.</doc>
<status status="FAIL" start="2026-05-03T13:46:26.778609" elapsed="0.014798">DataFrames do not match. Details:
DataFrames do not match:
DataFrame are different

DataFrame shape mismatch
[left]:  (0, 3)
[right]: (3, 3)</status>
</kw>
<status status="FAIL" start="2026-05-03T13:46:26.778609" elapsed="0.014798">DataFrames do not match. Details:
DataFrames do not match:
DataFrame are different

DataFrame shape mismatch
[left]:  (0, 3)
[right]: (3, 3)</status>
</branch>
<branch type="ELSE">
<kw name="Log" owner="BuiltIn">
<arg>Comparison successful: ${message}</arg>
<doc>Logs the given message with the given level.</doc>
<status status="NOT RUN" start="2026-05-03T13:46:26.793407" elapsed="0.000000"/>
</kw>
<status status="NOT RUN" start="2026-05-03T13:46:26.793407" elapsed="0.000000"/>
</branch>
<status status="FAIL" start="2026-05-03T13:46:26.778609" elapsed="0.014798">DataFrames do not match. Details:
DataFrames do not match:
DataFrame are different

DataFrame shape mismatch
[left]:  (0, 3)
[right]: (3, 3)</status>
</if>
<arg>${html_df}</arg>
<arg>${parquet_df}</arg>
<doc>Compares two DataFrames and fails the test with a detailed message if they are not equal.</doc>
<status status="FAIL" start="2026-05-03T13:46:26.778609" elapsed="0.014798">DataFrames do not match. Details:
DataFrames do not match:
DataFrame are different

DataFrame shape mismatch
[left]:  (0, 3)
[right]: (3, 3)</status>
</kw>
<kw name="Close Browser" owner="SeleniumLibrary" type="TEARDOWN">
<doc>Closes the current browser.</doc>
<status status="PASS" start="2026-05-03T13:46:26.794414" elapsed="0.000000"/>
</kw>
<doc>This test opens an HTML report, reads a data table,
and compares it against a filtered Parquet dataset.</doc>
<status status="FAIL" start="2026-05-03T13:46:18.898056" elapsed="7.896358">DataFrames do not match. Details:
DataFrames do not match:
DataFrame are different

DataFrame shape mismatch
[left]:  (0, 3)
[right]: (3, 3)</status>
</test>
<doc>A test suite to compare data from an HTML report and a Parquet dataset.</doc>
<status status="FAIL" start="2026-05-03T13:46:17.079638" elapsed="9.714776"/>
</suite>
<statistics>
<total>
<stat pass="0" fail="1" skip="0">All Tests</stat>
</total>
<tag>
</tag>
<suite>
<stat name="Test" id="s1" pass="0" fail="1" skip="0">Test</stat>
</suite>
</statistics>
<errors>
</errors>
</robot>
